<?xml version="1.0" encoding="UTF-8"?>
<testsuite name="com.example.testingweb.WebMockTest" tests="1" skipped="0" failures="0" errors="0" timestamp="2023-05-21T00:05:16" hostname="DESKTOP-3O83C13" time="0.068">
  <properties/>
  <testcase name="greetingShouldReturnMessageFromService()" classname="com.example.testingweb.WebMockTest" time="0.068"/>
  <system-out><![CDATA[2023-05-20 20:05:15.105  INFO 19016 --- [    Test worker] .b.t.a.w.s.WebMvcTestContextBootstrapper : Neither @ContextConfiguration nor @ContextHierarchy found for test class [com.example.testingweb.WebMockTest], using SpringBootContextLoader
2023-05-20 20:05:15.106  INFO 19016 --- [    Test worker] o.s.t.c.support.AbstractContextLoader    : Could not detect default resource locations for test class [com.example.testingweb.WebMockTest]: no resource found for suffixes {-context.xml, Context.groovy}.
2023-05-20 20:05:15.107  INFO 19016 --- [    Test worker] t.c.s.AnnotationConfigContextLoaderUtils : Could not detect default configuration classes for test class [com.example.testingweb.WebMockTest]: WebMockTest does not declare any static, non-private, non-final, nested classes annotated with @Configuration.
2023-05-20 20:05:15.117  INFO 19016 --- [    Test worker] .b.t.c.SpringBootTestContextBootstrapper : Found @SpringBootConfiguration com.example.testingweb.TestingWebApplication for test class com.example.testingweb.WebMockTest
2023-05-20 20:05:15.118  INFO 19016 --- [    Test worker] .b.t.a.w.s.WebMvcTestContextBootstrapper : Loaded default TestExecutionListener class names from location [META-INF/spring.factories]: [org.springframework.boot.test.autoconfigure.restdocs.RestDocsTestExecutionListener, org.springframework.boot.test.autoconfigure.web.client.MockRestServiceServerResetTestExecutionListener, org.springframework.boot.test.autoconfigure.web.servlet.MockMvcPrintOnlyOnFailureTestExecutionListener, org.springframework.boot.test.autoconfigure.web.servlet.WebDriverTestExecutionListener, org.springframework.boot.test.autoconfigure.webservices.client.MockWebServiceServerTestExecutionListener, org.springframework.boot.test.mock.mockito.MockitoTestExecutionListener, org.springframework.boot.test.mock.mockito.ResetMocksTestExecutionListener, org.springframework.test.context.web.ServletTestExecutionListener, org.springframework.test.context.support.DirtiesContextBeforeModesTestExecutionListener, org.springframework.test.context.event.ApplicationEventsTestExecutionListener, org.springframework.test.context.support.DependencyInjectionTestExecutionListener, org.springframework.test.context.support.DirtiesContextTestExecutionListener, org.springframework.test.context.transaction.TransactionalTestExecutionListener, org.springframework.test.context.jdbc.SqlScriptsTestExecutionListener, org.springframework.test.context.event.EventPublishingTestExecutionListener]
2023-05-20 20:05:15.120  INFO 19016 --- [    Test worker] .b.t.a.w.s.WebMvcTestContextBootstrapper : Using TestExecutionListeners: [org.springframework.test.context.web.ServletTestExecutionListener@20864cd1, org.springframework.test.context.support.DirtiesContextBeforeModesTestExecutionListener@5c839677, org.springframework.test.context.event.ApplicationEventsTestExecutionListener@3193e21d, org.springframework.boot.test.mock.mockito.MockitoTestExecutionListener@79604abe, org.springframework.boot.test.autoconfigure.SpringBootDependencyInjectionTestExecutionListener@6b126187, org.springframework.test.context.support.DirtiesContextTestExecutionListener@2b6262bc, org.springframework.test.context.event.EventPublishingTestExecutionListener@5cffec7, org.springframework.boot.test.autoconfigure.restdocs.RestDocsTestExecutionListener@7e81617a, org.springframework.boot.test.autoconfigure.web.client.MockRestServiceServerResetTestExecutionListener@6e73974, org.springframework.boot.test.autoconfigure.web.servlet.MockMvcPrintOnlyOnFailureTestExecutionListener@3e28dc96, org.springframework.boot.test.autoconfigure.web.servlet.WebDriverTestExecutionListener@44eb2452, org.springframework.boot.test.autoconfigure.webservices.client.MockWebServiceServerTestExecutionListener@31940704, org.springframework.boot.test.mock.mockito.ResetMocksTestExecutionListener@e07b4db]

  .   ____          _            __ _ _
 /\\ / ___'_ __ _ _(_)_ __  __ _ \ \ \ \
( ( )\___ | '_ | '_| | '_ \/ _` | \ \ \ \
 \\/  ___)| |_)| | | | | || (_| |  ) ) ) )
  '  |____| .__|_| |_|_| |_\__, | / / / /
 =========|_|==============|___/=/_/_/_/
 :: Spring Boot ::                (v2.6.6)

2023-05-20 20:05:15.159  INFO 19016 --- [    Test worker] com.example.testingweb.WebMockTest       : Starting WebMockTest using Java 20.0.1 on DESKTOP-3O83C13 with PID 19016 (started by JoelM in C:\Users\JoelM\Documents\programacion\AWS\DevOps Foundations\entregables\tarea 4\microservicio-spring)
2023-05-20 20:05:15.159  INFO 19016 --- [    Test worker] com.example.testingweb.WebMockTest       : No active profile set, falling back to 1 default profile: "default"
2023-05-20 20:05:15.971  INFO 19016 --- [    Test worker] o.s.b.t.m.w.SpringBootMockServletContext : Initializing Spring TestDispatcherServlet ''
2023-05-20 20:05:15.972  INFO 19016 --- [    Test worker] o.s.t.web.servlet.TestDispatcherServlet  : Initializing Servlet ''
2023-05-20 20:05:15.973  INFO 19016 --- [    Test worker] o.s.t.web.servlet.TestDispatcherServlet  : Completed initialization in 1 ms
2023-05-20 20:05:15.999  INFO 19016 --- [    Test worker] com.example.testingweb.WebMockTest       : Started WebMockTest in 0.875 seconds (JVM running for 9.892)

MockHttpServletRequest:
      HTTP Method = GET
      Request URI = /greeting
       Parameters = {}
          Headers = []
             Body = null
    Session Attrs = {}

Handler:
             Type = com.example.testingweb.GreetingController
           Method = com.example.testingweb.GreetingController#greeting()

Async:
    Async started = false
     Async result = null

Resolved Exception:
             Type = null

ModelAndView:
        View name = null
             View = null
            Model = null

FlashMap:
       Attributes = null

MockHttpServletResponse:
           Status = 200
    Error message = null
          Headers = [Content-Type:"text/plain;charset=UTF-8", Content-Length:"11"]
     Content type = text/plain;charset=UTF-8
             Body = Hello, Mock
    Forwarded URL = null
   Redirected URL = null
          Cookies = []
]]></system-out>
  <system-err><![CDATA[]]></system-err>
</testsuite>
