<?xml version="1.0" encoding="UTF-8"?>
<testsuite name="com.example.testingweb.SmokeTest" tests="1" skipped="0" failures="0" errors="0" timestamp="2023-05-21T00:05:13" hostname="DESKTOP-3O83C13" time="0.007">
  <properties/>
  <testcase name="contextLoads()" classname="com.example.testingweb.SmokeTest" time="0.007"/>
  <system-out><![CDATA[2023-05-20 20:05:12.316  INFO 19016 --- [    Test worker] .b.t.c.SpringBootTestContextBootstrapper : Neither @ContextConfiguration nor @ContextHierarchy found for test class [com.example.testingweb.SmokeTest], using SpringBootContextLoader
2023-05-20 20:05:12.318  INFO 19016 --- [    Test worker] o.s.t.c.support.AbstractContextLoader    : Could not detect default resource locations for test class [com.example.testingweb.SmokeTest]: no resource found for suffixes {-context.xml, Context.groovy}.
2023-05-20 20:05:12.318  INFO 19016 --- [    Test worker] t.c.s.AnnotationConfigContextLoaderUtils : Could not detect default configuration classes for test class [com.example.testingweb.SmokeTest]: SmokeTest does not declare any static, non-private, non-final, nested classes annotated with @Configuration.
2023-05-20 20:05:12.320  INFO 19016 --- [    Test worker] .b.t.c.SpringBootTestContextBootstrapper : Found @SpringBootConfiguration com.example.testingweb.TestingWebApplication for test class com.example.testingweb.SmokeTest
2023-05-20 20:05:12.322  INFO 19016 --- [    Test worker] .b.t.c.SpringBootTestContextBootstrapper : Loaded default TestExecutionListener class names from location [META-INF/spring.factories]: [org.springframework.boot.test.autoconfigure.restdocs.RestDocsTestExecutionListener, org.springframework.boot.test.autoconfigure.web.client.MockRestServiceServerResetTestExecutionListener, org.springframework.boot.test.autoconfigure.web.servlet.MockMvcPrintOnlyOnFailureTestExecutionListener, org.springframework.boot.test.autoconfigure.web.servlet.WebDriverTestExecutionListener, org.springframework.boot.test.autoconfigure.webservices.client.MockWebServiceServerTestExecutionListener, org.springframework.boot.test.mock.mockito.MockitoTestExecutionListener, org.springframework.boot.test.mock.mockito.ResetMocksTestExecutionListener, org.springframework.test.context.web.ServletTestExecutionListener, org.springframework.test.context.support.DirtiesContextBeforeModesTestExecutionListener, org.springframework.test.context.event.ApplicationEventsTestExecutionListener, org.springframework.test.context.support.DependencyInjectionTestExecutionListener, org.springframework.test.context.support.DirtiesContextTestExecutionListener, org.springframework.test.context.transaction.TransactionalTestExecutionListener, org.springframework.test.context.jdbc.SqlScriptsTestExecutionListener, org.springframework.test.context.event.EventPublishingTestExecutionListener]
2023-05-20 20:05:12.325  INFO 19016 --- [    Test worker] .b.t.c.SpringBootTestContextBootstrapper : Using TestExecutionListeners: [org.springframework.test.context.web.ServletTestExecutionListener@13ef7fa1, org.springframework.test.context.support.DirtiesContextBeforeModesTestExecutionListener@23b1aa9, org.springframework.test.context.event.ApplicationEventsTestExecutionListener@54489296, org.springframework.boot.test.mock.mockito.MockitoTestExecutionListener@4e8598d9, org.springframework.boot.test.autoconfigure.SpringBootDependencyInjectionTestExecutionListener@267ff4df, org.springframework.test.context.support.DirtiesContextTestExecutionListener@7c4b5ceb, org.springframework.test.context.event.EventPublishingTestExecutionListener@6c07add6, org.springframework.boot.test.autoconfigure.restdocs.RestDocsTestExecutionListener@e26a3df, org.springframework.boot.test.autoconfigure.web.client.MockRestServiceServerResetTestExecutionListener@57a667c8, org.springframework.boot.test.autoconfigure.web.servlet.MockMvcPrintOnlyOnFailureTestExecutionListener@712cd5d3, org.springframework.boot.test.autoconfigure.web.servlet.WebDriverTestExecutionListener@2094bf3d, org.springframework.boot.test.autoconfigure.webservices.client.MockWebServiceServerTestExecutionListener@1b17d8ab, org.springframework.boot.test.mock.mockito.ResetMocksTestExecutionListener@7f6b7426]

  .   ____          _            __ _ _
 /\\ / ___'_ __ _ _(_)_ __  __ _ \ \ \ \
( ( )\___ | '_ | '_| | '_ \/ _` | \ \ \ \
 \\/  ___)| |_)| | | | | || (_| |  ) ) ) )
  '  |____| .__|_| |_|_| |_\__, | / / / /
 =========|_|==============|___/=/_/_/_/
 :: Spring Boot ::                (v2.6.6)

2023-05-20 20:05:12.368  INFO 19016 --- [    Test worker] com.example.testingweb.SmokeTest         : Starting SmokeTest using Java 20.0.1 on DESKTOP-3O83C13 with PID 19016 (started by JoelM in C:\Users\JoelM\Documents\programacion\AWS\DevOps Foundations\entregables\tarea 4\microservicio-spring)
2023-05-20 20:05:12.369  INFO 19016 --- [    Test worker] com.example.testingweb.SmokeTest         : No active profile set, falling back to 1 default profile: "default"
2023-05-20 20:05:13.202  INFO 19016 --- [    Test worker] com.example.testingweb.SmokeTest         : Started SmokeTest in 0.867 seconds (JVM running for 7.095)
]]></system-out>
  <system-err><![CDATA[]]></system-err>
</testsuite>
