<?xml version="1.0" encoding="UTF-8"?>
<testsuite name="com.example.testingweb.SmokeTest" tests="1" skipped="0" failures="0" errors="0" timestamp="2023-05-21T22:52:15" hostname="DESKTOP-3O83C13" time="0.019">
  <properties/>
  <testcase name="contextLoads()" classname="com.example.testingweb.SmokeTest" time="0.019"/>
  <system-out><![CDATA[2023-05-21 18:52:12.637  INFO 21368 --- [    Test worker] .b.t.c.SpringBootTestContextBootstrapper : Neither @ContextConfiguration nor @ContextHierarchy found for test class [com.example.testingweb.SmokeTest], using SpringBootContextLoader
2023-05-21 18:52:12.638  INFO 21368 --- [    Test worker] o.s.t.c.support.AbstractContextLoader    : Could not detect default resource locations for test class [com.example.testingweb.SmokeTest]: no resource found for suffixes {-context.xml, Context.groovy}.
2023-05-21 18:52:12.639  INFO 21368 --- [    Test worker] t.c.s.AnnotationConfigContextLoaderUtils : Could not detect default configuration classes for test class [com.example.testingweb.SmokeTest]: SmokeTest does not declare any static, non-private, non-final, nested classes annotated with @Configuration.
2023-05-21 18:52:12.643  INFO 21368 --- [    Test worker] .b.t.c.SpringBootTestContextBootstrapper : Found @SpringBootConfiguration com.example.testingweb.TestingWebApplication for test class com.example.testingweb.SmokeTest
2023-05-21 18:52:12.649  INFO 21368 --- [    Test worker] .b.t.c.SpringBootTestContextBootstrapper : Loaded default TestExecutionListener class names from location [META-INF/spring.factories]: [org.springframework.boot.test.autoconfigure.restdocs.RestDocsTestExecutionListener, org.springframework.boot.test.autoconfigure.web.client.MockRestServiceServerResetTestExecutionListener, org.springframework.boot.test.autoconfigure.web.servlet.MockMvcPrintOnlyOnFailureTestExecutionListener, org.springframework.boot.test.autoconfigure.web.servlet.WebDriverTestExecutionListener, org.springframework.boot.test.autoconfigure.webservices.client.MockWebServiceServerTestExecutionListener, org.springframework.boot.test.mock.mockito.MockitoTestExecutionListener, org.springframework.boot.test.mock.mockito.ResetMocksTestExecutionListener, org.springframework.test.context.web.ServletTestExecutionListener, org.springframework.test.context.support.DirtiesContextBeforeModesTestExecutionListener, org.springframework.test.context.event.ApplicationEventsTestExecutionListener, org.springframework.test.context.support.DependencyInjectionTestExecutionListener, org.springframework.test.context.support.DirtiesContextTestExecutionListener, org.springframework.test.context.transaction.TransactionalTestExecutionListener, org.springframework.test.context.jdbc.SqlScriptsTestExecutionListener, org.springframework.test.context.event.EventPublishingTestExecutionListener]
2023-05-21 18:52:12.652  INFO 21368 --- [    Test worker] .b.t.c.SpringBootTestContextBootstrapper : Using TestExecutionListeners: [org.springframework.test.context.web.ServletTestExecutionListener@4295b0b8, org.springframework.test.context.support.DirtiesContextBeforeModesTestExecutionListener@ab8b1ef, org.springframework.test.context.event.ApplicationEventsTestExecutionListener@3413effc, org.springframework.boot.test.mock.mockito.MockitoTestExecutionListener@407bfc49, org.springframework.boot.test.autoconfigure.SpringBootDependencyInjectionTestExecutionListener@2f84848e, org.springframework.test.context.support.DirtiesContextTestExecutionListener@607c7f58, org.springframework.test.context.event.EventPublishingTestExecutionListener@4bbb00a4, org.springframework.boot.test.autoconfigure.restdocs.RestDocsTestExecutionListener@543d242e, org.springframework.boot.test.autoconfigure.web.client.MockRestServiceServerResetTestExecutionListener@5f967ad3, org.springframework.boot.test.autoconfigure.web.servlet.MockMvcPrintOnlyOnFailureTestExecutionListener@5c1348c6, org.springframework.boot.test.autoconfigure.web.servlet.WebDriverTestExecutionListener@4f3eddc0, org.springframework.boot.test.autoconfigure.webservices.client.MockWebServiceServerTestExecutionListener@729f8c5d, org.springframework.boot.test.mock.mockito.ResetMocksTestExecutionListener@1e33203f]

  .   ____          _            __ _ _
 /\\ / ___'_ __ _ _(_)_ __  __ _ \ \ \ \
( ( )\___ | '_ | '_| | '_ \/ _` | \ \ \ \
 \\/  ___)| |_)| | | | | || (_| |  ) ) ) )
  '  |____| .__|_| |_|_| |_\__, | / / / /
 =========|_|==============|___/=/_/_/_/
 :: Spring Boot ::                (v2.6.6)

2023-05-21 18:52:12.752  INFO 21368 --- [    Test worker] com.example.testingweb.SmokeTest         : Starting SmokeTest using Java 20.0.1 on DESKTOP-3O83C13 with PID 21368 (started by JoelM in C:\Users\JoelM\Documents\programacion\AWS\DevOps Foundations\entregables\tarea 4\microservicio-spring)
2023-05-21 18:52:12.752  INFO 21368 --- [    Test worker] com.example.testingweb.SmokeTest         : No active profile set, falling back to 1 default profile: "default"
2023-05-21 18:52:15.938  INFO 21368 --- [    Test worker] com.example.testingweb.SmokeTest         : Started SmokeTest in 3.263 seconds (JVM running for 28.129)
]]></system-out>
  <system-err><![CDATA[]]></system-err>
</testsuite>
