<?xml version="1.0" encoding="UTF-8"?>
<testsuite name="com.example.testingweb.WebLayerTest" tests="1" skipped="0" failures="0" errors="0" timestamp="2023-05-21T22:52:19" hostname="DESKTOP-3O83C13" time="0.05">
  <properties/>
  <testcase name="shouldReturnDefaultMessage()" classname="com.example.testingweb.WebLayerTest" time="0.05"/>
  <system-out><![CDATA[2023-05-21 18:52:18.514  INFO 21368 --- [    Test worker] .b.t.a.w.s.WebMvcTestContextBootstrapper : Neither @ContextConfiguration nor @ContextHierarchy found for test class [com.example.testingweb.WebLayerTest], using SpringBootContextLoader
2023-05-21 18:52:18.517  INFO 21368 --- [    Test worker] o.s.t.c.support.AbstractContextLoader    : Could not detect default resource locations for test class [com.example.testingweb.WebLayerTest]: no resource found for suffixes {-context.xml, Context.groovy}.
2023-05-21 18:52:18.518  INFO 21368 --- [    Test worker] t.c.s.AnnotationConfigContextLoaderUtils : Could not detect default configuration classes for test class [com.example.testingweb.WebLayerTest]: WebLayerTest does not declare any static, non-private, non-final, nested classes annotated with @Configuration.
2023-05-21 18:52:18.580  INFO 21368 --- [    Test worker] .b.t.c.SpringBootTestContextBootstrapper : Found @SpringBootConfiguration com.example.testingweb.TestingWebApplication for test class com.example.testingweb.WebLayerTest
2023-05-21 18:52:18.583  INFO 21368 --- [    Test worker] .b.t.a.w.s.WebMvcTestContextBootstrapper : Loaded default TestExecutionListener class names from location [META-INF/spring.factories]: [org.springframework.boot.test.autoconfigure.restdocs.RestDocsTestExecutionListener, org.springframework.boot.test.autoconfigure.web.client.MockRestServiceServerResetTestExecutionListener, org.springframework.boot.test.autoconfigure.web.servlet.MockMvcPrintOnlyOnFailureTestExecutionListener, org.springframework.boot.test.autoconfigure.web.servlet.WebDriverTestExecutionListener, org.springframework.boot.test.autoconfigure.webservices.client.MockWebServiceServerTestExecutionListener, org.springframework.boot.test.mock.mockito.MockitoTestExecutionListener, org.springframework.boot.test.mock.mockito.ResetMocksTestExecutionListener, org.springframework.test.context.web.ServletTestExecutionListener, org.springframework.test.context.support.DirtiesContextBeforeModesTestExecutionListener, org.springframework.test.context.event.ApplicationEventsTestExecutionListener, org.springframework.test.context.support.DependencyInjectionTestExecutionListener, org.springframework.test.context.support.DirtiesContextTestExecutionListener, org.springframework.test.context.transaction.TransactionalTestExecutionListener, org.springframework.test.context.jdbc.SqlScriptsTestExecutionListener, org.springframework.test.context.event.EventPublishingTestExecutionListener]
2023-05-21 18:52:18.590  INFO 21368 --- [    Test worker] .b.t.a.w.s.WebMvcTestContextBootstrapper : Using TestExecutionListeners: [org.springframework.test.context.web.ServletTestExecutionListener@203f1447, org.springframework.test.context.support.DirtiesContextBeforeModesTestExecutionListener@9b43134, org.springframework.test.context.event.ApplicationEventsTestExecutionListener@1ae2b0d0, org.springframework.boot.test.mock.mockito.MockitoTestExecutionListener@631c244c, org.springframework.boot.test.autoconfigure.SpringBootDependencyInjectionTestExecutionListener@3bd99944, org.springframework.test.context.support.DirtiesContextTestExecutionListener@134c329a, org.springframework.test.context.event.EventPublishingTestExecutionListener@1c277413, org.springframework.boot.test.autoconfigure.restdocs.RestDocsTestExecutionListener@1e9b1d9f, org.springframework.boot.test.autoconfigure.web.client.MockRestServiceServerResetTestExecutionListener@697fb4b1, org.springframework.boot.test.autoconfigure.web.servlet.MockMvcPrintOnlyOnFailureTestExecutionListener@1b5593e6, org.springframework.boot.test.autoconfigure.web.servlet.WebDriverTestExecutionListener@3c75fb73, org.springframework.boot.test.autoconfigure.webservices.client.MockWebServiceServerTestExecutionListener@7ac47e87, org.springframework.boot.test.mock.mockito.ResetMocksTestExecutionListener@6e0a9752]

  .   ____          _            __ _ _
 /\\ / ___'_ __ _ _(_)_ __  __ _ \ \ \ \
( ( )\___ | '_ | '_| | '_ \/ _` | \ \ \ \
 \\/  ___)| |_)| | | | | || (_| |  ) ) ) )
  '  |____| .__|_| |_|_| |_\__, | / / / /
 =========|_|==============|___/=/_/_/_/
 :: Spring Boot ::                (v2.6.6)

2023-05-21 18:52:18.711  INFO 21368 --- [    Test worker] com.example.testingweb.WebLayerTest      : Starting WebLayerTest using Java 20.0.1 on DESKTOP-3O83C13 with PID 21368 (started by JoelM in C:\Users\JoelM\Documents\programacion\AWS\DevOps Foundations\entregables\tarea 4\microservicio-spring)
2023-05-21 18:52:18.712  INFO 21368 --- [    Test worker] com.example.testingweb.WebLayerTest      : No active profile set, falling back to 1 default profile: "default"
2023-05-21 18:52:19.840  INFO 21368 --- [    Test worker] o.s.b.t.m.w.SpringBootMockServletContext : Initializing Spring TestDispatcherServlet ''
2023-05-21 18:52:19.841  INFO 21368 --- [    Test worker] o.s.t.web.servlet.TestDispatcherServlet  : Initializing Servlet ''
2023-05-21 18:52:19.844  INFO 21368 --- [    Test worker] o.s.t.web.servlet.TestDispatcherServlet  : Completed initialization in 2 ms
2023-05-21 18:52:19.880  INFO 21368 --- [    Test worker] com.example.testingweb.WebLayerTest      : Started WebLayerTest in 1.283 seconds (JVM running for 32.072)

MockHttpServletRequest:
      HTTP Method = GET
      Request URI = /
       Parameters = {}
          Headers = []
             Body = null
    Session Attrs = {}

Handler:
             Type = com.example.testingweb.HomeController
           Method = com.example.testingweb.HomeController#greeting()

Async:
    Async started = false
     Async result = null

Resolved Exception:
             Type = null

ModelAndView:
        View name = null
             View = null
            Model = null

FlashMap:
       Attributes = null

MockHttpServletResponse:
           Status = 200
    Error message = null
          Headers = [Content-Type:"text/plain;charset=UTF-8", Content-Length:"12"]
     Content type = text/plain;charset=UTF-8
             Body = Hello, World
    Forwarded URL = null
   Redirected URL = null
          Cookies = []
]]></system-out>
  <system-err><![CDATA[]]></system-err>
</testsuite>
