<?xml version="1.0" encoding="UTF-8"?>
<testsuite name="com.example.testingweb.SmokeTest" tests="1" skipped="0" failures="0" errors="0" timestamp="2023-05-22T03:02:03" hostname="DESKTOP-3O83C13" time="0.01">
  <properties/>
  <testcase name="contextLoads()" classname="com.example.testingweb.SmokeTest" time="0.01"/>
  <system-out><![CDATA[2023-05-21 23:02:02.302  INFO 17740 --- [    Test worker] .b.t.c.SpringBootTestContextBootstrapper : Neither @ContextConfiguration nor @ContextHierarchy found for test class [com.example.testingweb.SmokeTest], using SpringBootContextLoader
2023-05-21 23:02:02.303  INFO 17740 --- [    Test worker] o.s.t.c.support.AbstractContextLoader    : Could not detect default resource locations for test class [com.example.testingweb.SmokeTest]: no resource found for suffixes {-context.xml, Context.groovy}.
2023-05-21 23:02:02.303  INFO 17740 --- [    Test worker] t.c.s.AnnotationConfigContextLoaderUtils : Could not detect default configuration classes for test class [com.example.testingweb.SmokeTest]: SmokeTest does not declare any static, non-private, non-final, nested classes annotated with @Configuration.
2023-05-21 23:02:02.306  INFO 17740 --- [    Test worker] .b.t.c.SpringBootTestContextBootstrapper : Found @SpringBootConfiguration com.example.testingweb.TestingWebApplication for test class com.example.testingweb.SmokeTest
2023-05-21 23:02:02.309  INFO 17740 --- [    Test worker] .b.t.c.SpringBootTestContextBootstrapper : Loaded default TestExecutionListener class names from location [META-INF/spring.factories]: [org.springframework.boot.test.autoconfigure.restdocs.RestDocsTestExecutionListener, org.springframework.boot.test.autoconfigure.web.client.MockRestServiceServerResetTestExecutionListener, org.springframework.boot.test.autoconfigure.web.servlet.MockMvcPrintOnlyOnFailureTestExecutionListener, org.springframework.boot.test.autoconfigure.web.servlet.WebDriverTestExecutionListener, org.springframework.boot.test.autoconfigure.webservices.client.MockWebServiceServerTestExecutionListener, org.springframework.boot.test.mock.mockito.MockitoTestExecutionListener, org.springframework.boot.test.mock.mockito.ResetMocksTestExecutionListener, org.springframework.test.context.web.ServletTestExecutionListener, org.springframework.test.context.support.DirtiesContextBeforeModesTestExecutionListener, org.springframework.test.context.event.ApplicationEventsTestExecutionListener, org.springframework.test.context.support.DependencyInjectionTestExecutionListener, org.springframework.test.context.support.DirtiesContextTestExecutionListener, org.springframework.test.context.transaction.TransactionalTestExecutionListener, org.springframework.test.context.jdbc.SqlScriptsTestExecutionListener, org.springframework.test.context.event.EventPublishingTestExecutionListener]
2023-05-21 23:02:02.312  INFO 17740 --- [    Test worker] .b.t.c.SpringBootTestContextBootstrapper : Using TestExecutionListeners: [org.springframework.test.context.web.ServletTestExecutionListener@1b0964cf, org.springframework.test.context.support.DirtiesContextBeforeModesTestExecutionListener@573d3ec6, org.springframework.test.context.event.ApplicationEventsTestExecutionListener@84398a, org.springframework.boot.test.mock.mockito.MockitoTestExecutionListener@365a9434, org.springframework.boot.test.autoconfigure.SpringBootDependencyInjectionTestExecutionListener@66a5a12c, org.springframework.test.context.support.DirtiesContextTestExecutionListener@58507830, org.springframework.test.context.event.EventPublishingTestExecutionListener@793942d9, org.springframework.boot.test.autoconfigure.restdocs.RestDocsTestExecutionListener@1b2092fe, org.springframework.boot.test.autoconfigure.web.client.MockRestServiceServerResetTestExecutionListener@5047fc77, org.springframework.boot.test.autoconfigure.web.servlet.MockMvcPrintOnlyOnFailureTestExecutionListener@b8d8fb7, org.springframework.boot.test.autoconfigure.web.servlet.WebDriverTestExecutionListener@38913b95, org.springframework.boot.test.autoconfigure.webservices.client.MockWebServiceServerTestExecutionListener@2739f91b, org.springframework.boot.test.mock.mockito.ResetMocksTestExecutionListener@48720dcf]

  .   ____          _            __ _ _
 /\\ / ___'_ __ _ _(_)_ __  __ _ \ \ \ \
( ( )\___ | '_ | '_| | '_ \/ _` | \ \ \ \
 \\/  ___)| |_)| | | | | || (_| |  ) ) ) )
  '  |____| .__|_| |_|_| |_\__, | / / / /
 =========|_|==============|___/=/_/_/_/
 :: Spring Boot ::                (v2.6.6)

2023-05-21 23:02:02.373  INFO 17740 --- [    Test worker] com.example.testingweb.SmokeTest         : Starting SmokeTest using Java 20.0.1 on DESKTOP-3O83C13 with PID 17740 (started by JoelM in C:\Users\JoelM\Documents\programacion\AWS\DevOps Foundations\entregables\tarea 4\microservicio-spring)
2023-05-21 23:02:02.374  INFO 17740 --- [    Test worker] com.example.testingweb.SmokeTest         : No active profile set, falling back to 1 default profile: "default"
2023-05-21 23:02:03.054  INFO 17740 --- [    Test worker] com.example.testingweb.SmokeTest         : Started SmokeTest in 0.719 seconds (JVM running for 14.974)
]]></system-out>
  <system-err><![CDATA[]]></system-err>
</testsuite>
